2021-01-28 15:32:03:456 []  INFO [main] c.w.s.SpringbootLog4j2Application line:[55] : Starting SpringbootLog4j2Application using Java 1.8.0_212 on KAIWU3-M-G4QV with PID 28199 (/Users/kaiwu3/Works/github/springboot/springboot-log4j2/target/classes started by kaiwu3 in /Users/kaiwu3/Works/github/springboot)
2021-01-28 15:32:03:462 [] DEBUG [main] c.w.s.SpringbootLog4j2Application line:[56] : Running with Spring Boot v2.4.2, Spring v5.3.3
2021-01-28 15:32:03:462 []  INFO [main] c.w.s.SpringbootLog4j2Application line:[660] : No active profile set, falling back to default profiles: default
2021-01-28 15:32:04:188 []  INFO [main] o.s.b.w.e.t.TomcatWebServer line:[108] : Tomcat initialized with port(s): 11000 (http)
2021-01-28 15:32:04:200 []  INFO [main] o.a.c.h.Http11NioProtocol line:[173] : Initializing ProtocolHandler ["http-nio-11000"]
2021-01-28 15:32:04:201 []  INFO [main] o.a.c.c.StandardService line:[173] : Starting service [Tomcat]
2021-01-28 15:32:04:201 []  INFO [main] o.a.c.c.StandardEngine line:[173] : Starting Servlet engine: [Apache Tomcat/9.0.41]
2021-01-28 15:32:04:260 []  INFO [main] o.a.c.c.C.[.[.[/] line:[173] : Initializing Spring embedded WebApplicationContext
2021-01-28 15:32:04:260 []  INFO [main] o.s.b.w.s.c.ServletWebServerApplicationContext line:[289] : Root WebApplicationContext: initialization completed in 732 ms
2021-01-28 15:32:04:290 [] DEBUG [main] c.w.s.c.LogRequestFilter line:[242] : Filter 'logRequestFilter' configured for use
2021-01-28 15:32:04:403 []  INFO [main] o.s.s.c.ThreadPoolTaskExecutor line:[181] : Initializing ExecutorService 'applicationTaskExecutor'
2021-01-28 15:32:04:529 []  INFO [main] o.a.c.h.Http11NioProtocol line:[173] : Starting ProtocolHandler ["http-nio-11000"]
2021-01-28 15:32:04:553 []  WARN [main] o.s.b.w.s.c.AnnotationConfigServletWebServerApplicationContext line:[596] : Exception encountered during context initialization - cancelling refresh attempt: org.springframework.context.ApplicationContextException: Failed to start bean 'webServerStartStop'; nested exception is org.springframework.boot.web.server.PortInUseException: Port 11000 is already in use
2021-01-28 15:32:04:554 []  INFO [main] o.s.s.c.ThreadPoolTaskExecutor line:[218] : Shutting down ExecutorService 'applicationTaskExecutor'
2021-01-28 15:32:04:556 []  INFO [main] o.a.c.h.Http11NioProtocol line:[173] : Pausing ProtocolHandler ["http-nio-11000"]
2021-01-28 15:32:04:556 []  INFO [main] o.a.c.c.StandardService line:[173] : Stopping service [Tomcat]
2021-01-28 15:32:04:560 []  INFO [main] o.a.c.h.Http11NioProtocol line:[173] : Stopping ProtocolHandler ["http-nio-11000"]
2021-01-28 15:32:04:561 []  INFO [main] o.a.c.h.Http11NioProtocol line:[173] : Destroying ProtocolHandler ["http-nio-11000"]
2021-01-28 15:32:04:566 []  INFO [main] o.s.b.a.l.ConditionEvaluationReportLoggingListener line:[136] : 

Error starting ApplicationContext. To display the conditions report re-run your application with 'debug' enabled.
2021-01-28 15:32:04:576 [] ERROR [main] o.s.b.d.LoggingFailureAnalysisReporter line:[40] : 

***************************
APPLICATION FAILED TO START
***************************

Description:

Web server failed to start. Port 11000 was already in use.

Action:

Identify and stop the process that's listening on port 11000 or configure this application to listen on another port.

2021-01-28 15:32:28:852 []  INFO [main] c.w.s.SpringbootLog4j2Application line:[55] : Starting SpringbootLog4j2Application using Java 1.8.0_212 on KAIWU3-M-G4QV with PID 28227 (/Users/kaiwu3/Works/github/springboot/springboot-log4j2/target/classes started by kaiwu3 in /Users/kaiwu3/Works/github/springboot)
2021-01-28 15:32:28:858 [] DEBUG [main] c.w.s.SpringbootLog4j2Application line:[56] : Running with Spring Boot v2.4.2, Spring v5.3.3
2021-01-28 15:32:28:859 []  INFO [main] c.w.s.SpringbootLog4j2Application line:[660] : No active profile set, falling back to default profiles: default
2021-01-28 15:32:29:432 []  INFO [main] o.s.b.w.e.t.TomcatWebServer line:[108] : Tomcat initialized with port(s): 11000 (http)
2021-01-28 15:32:29:443 []  INFO [main] o.a.c.h.Http11NioProtocol line:[173] : Initializing ProtocolHandler ["http-nio-11000"]
2021-01-28 15:32:29:444 []  INFO [main] o.a.c.c.StandardService line:[173] : Starting service [Tomcat]
2021-01-28 15:32:29:444 []  INFO [main] o.a.c.c.StandardEngine line:[173] : Starting Servlet engine: [Apache Tomcat/9.0.41]
2021-01-28 15:32:29:488 []  INFO [main] o.a.c.c.C.[.[.[/] line:[173] : Initializing Spring embedded WebApplicationContext
2021-01-28 15:32:29:488 []  INFO [main] o.s.b.w.s.c.ServletWebServerApplicationContext line:[289] : Root WebApplicationContext: initialization completed in 595 ms
2021-01-28 15:32:29:514 [] DEBUG [main] c.w.s.c.LogRequestFilter line:[242] : Filter 'logRequestFilter' configured for use
2021-01-28 15:32:29:617 []  INFO [main] o.s.s.c.ThreadPoolTaskExecutor line:[181] : Initializing ExecutorService 'applicationTaskExecutor'
2021-01-28 15:32:29:733 []  INFO [main] o.a.c.h.Http11NioProtocol line:[173] : Starting ProtocolHandler ["http-nio-11000"]
2021-01-28 15:32:29:762 []  INFO [main] o.s.b.w.e.t.TomcatWebServer line:[220] : Tomcat started on port(s): 11000 (http) with context path ''
2021-01-28 15:32:29:770 []  INFO [main] c.w.s.SpringbootLog4j2Application line:[61] : Started SpringbootLog4j2Application in 1.235 seconds (JVM running for 1.792)
